#
# There is insufficient memory for the Java Runtime Environment to continue.
# Native memory allocation (malloc) failed to allocate 1048576 bytes. Error detail: AllocateHeap
# Possible reasons:
#   The system is out of physical RAM or swap space
#   This process is running with CompressedOops enabled, and the Java Heap may be blocking the growth of the native heap
# Possible solutions:
#   Reduce memory load on the system
#   Increase physical memory or swap space
#   Check if swap backing store is full
#   Decrease Java heap size (-Xmx/-Xms)
#   Decrease number of Java threads
#   Decrease Java thread stack sizes (-Xss)
#   Set larger code cache with -XX:ReservedCodeCacheSize=
#   JVM is running with Unscaled Compressed Oops mode in which the Java heap is
#     placed in the first 4GB address space. The Java Heap base address is the
#     maximum limit for the native heap growth. Please use -XX:HeapBaseMinAddress
#     to set the Java Heap base and to place the Java Heap above 4GB virtual address.
# This output file may be truncated or incomplete.
#
#  Out of Memory Error (allocation.cpp:44), pid=18040, tid=25188
#
# JRE version:  (22.0.1+8) (build )
# Java VM: Java HotSpot(TM) 64-Bit Server VM (22.0.1+8-16, mixed mode, sharing, tiered, compressed oops, compressed class ptrs, g1 gc, windows-amd64)
# No core dump will be written. Minidumps are not enabled by default on client versions of Windows
#

---------------  S U M M A R Y ------------

Command Line: -Dclassworlds.conf=C:\Program Files\apache-maven-3.9.8\bin\m2.conf -Dmaven.home=C:\Program Files\apache-maven-3.9.8 -Dlibrary.jansi.path=C:\Program Files\apache-maven-3.9.8\lib\jansi-native -Dmaven.multiModuleProjectDirectory=c:\Users\FansteinM\Desktop\JavaGDP\demo3\demo3 org.codehaus.plexus.classworlds.launcher.Launcher --version

Host: Intel(R) Core(TM) i5-8250U CPU @ 1.60GHz, 8 cores, 7G,  Windows 10 , 64 bit Build 19041 (10.0.19041.4597)
Time: Mon Jul 29 17:28:10 2024 SE Asia Standard Time elapsed time: 0.024879 seconds (0d 0h 0m 0s)

---------------  T H R E A D  ---------------

Current thread (0x000001a7b3a0d140):  JavaThread "Unknown thread" [_thread_in_vm, id=25188, stack(0x0000004171c00000,0x0000004171d00000) (1024K)]

Stack: [0x0000004171c00000,0x0000004171d00000]
Native frames: (J=compiled Java code, j=interpreted, Vv=VM code, C=native code)
V  [jvm.dll+0x6e2279]  (no source info available)
V  [jvm.dll+0x874e33]  (no source info available)
V  [jvm.dll+0x87725e]  (no source info available)
V  [jvm.dll+0x877933]  (no source info available)
V  [jvm.dll+0x27fd76]  (no source info available)
V  [jvm.dll+0xbe877]  (no source info available)
V  [jvm.dll+0x334fc4]  (no source info available)
V  [jvm.dll+0x32d12e]  (no source info available)
V  [jvm.dll+0x83ccdc]  (no source info available)
V  [jvm.dll+0x3c0d71]  (no source info available)
V  [jvm.dll+0x825ccc]  (no source info available)
V  [jvm.dll+0x45b8fe]  (no source info available)
V  [jvm.dll+0x45d781]  (no source info available)
C  [jli.dll+0x52a3]  (no source info available)
C  [ucrtbase.dll+0x21bb2]  (no source info available)
C  [KERNEL32.DLL+0x17374]  (no source info available)
C  [ntdll.dll+0x4cc91]  (no source info available)


---------------  P R O C E S S  ---------------

Threads class SMR info:
_java_thread_list=0x00007ffb7f9eb1c8, length=0, elements={
}

Java Threads: ( => current thread )
Total: 0

Other Threads:
  0x000001a7b5c82ec0 WorkerThread "GC Thread#0"                     [id=18692, stack(0x0000004171d00000,0x0000004171e00000) (1024K)]

[error occurred during error reporting (printing all threads), id 0xc0000005, EXCEPTION_ACCESS_VIOLATION (0xc0000005) at pc=0x00007ffb7f139a80]
VM state: not at safepoint (not fully initialized)

VM Mutex/Monitor currently owned by a thread:  ([mutex/lock_event])
[0x00007ffb7fa6bcb8] Heap_lock - owner thread: 0x000001a7b3a0d140

Heap address: 0x0000000081600000, size: 2026 MB, Compressed Oops mode: 32-bit

CDS archive(s) mapped at: [0x0000000000000000-0x0000000000000000-0x0000000000000000), size 0, SharedBaseAddress: 0x0000000800000000, ArchiveRelocationMode: 1.
Narrow klass base: 0x0000000000000000, Narrow klass shift: 0, Narrow klass range: 0x0

GC Precious Log:
 CardTable entry size: 512
 Card Set container configuration: InlinePtr #cards 5 size 8 Array Of Cards #cards 12 size 40 Howl #buckets 4 coarsen threshold 1843 Howl Bitmap #cards 512 size 80 coarsen threshold 460 Card regions per heap region 1 cards per card region 2048

Heap:
 garbage-first heap   total reserved 2074624K, committed 0K, used 0K [0x0000000081600000, 0x0000000100000000)
  region size 1024K, 0 young (0K), 0 survivors (0K)

[error occurred during error reporting (printing heap information), id 0xc0000005, EXCEPTION_ACCESS_VIOLATION (0xc0000005) at pc=0x00007ffb7f53e429]
GC Heap History (0 events):
No events

Dll operation events (1 events):
Event: 0.016 Loaded shared library C:\Program Files\Java\jdk-22\bin\java.dll

Deoptimization events (0 events):
No events

Classes loaded (0 events):
No events

Classes unloaded (0 events):
No events

Classes redefined (0 events):
No events

Internal exceptions (0 events):
No events

ZGC Phase Switch (0 events):
No events

VM Operations (0 events):
No events

Events (0 events):
No events


Dynamic libraries:
0x00007ff69c6d0000 - 0x00007ff69c6e0000 	C:\Program Files\Java\jdk-22\bin\java.exe
0x00007ffbeed90000 - 0x00007ffbeef88000 	C:\Windows\SYSTEM32\ntdll.dll
0x00007ffbee780000 - 0x00007ffbee841000 	C:\Windows\System32\KERNEL32.DLL
0x00007ffbec750000 - 0x00007ffbeca46000 	C:\Windows\System32\KERNELBASE.dll
0x00007ffbec600000 - 0x00007ffbec700000 	C:\Windows\System32\ucrtbase.dll
0x00007ffbe67a0000 - 0x00007ffbe67b7000 	C:\Program Files\Java\jdk-22\bin\jli.dll
0x00007ffbcaa90000 - 0x00007ffbcaaab000 	C:\Program Files\Java\jdk-22\bin\VCRUNTIME140.dll
0x00007ffbeebf0000 - 0x00007ffbeeca0000 	C:\Windows\System32\ADVAPI32.dll
0x00007ffbedcc0000 - 0x00007ffbedd5e000 	C:\Windows\System32\msvcrt.dll
0x00007ffbeeca0000 - 0x00007ffbeed40000 	C:\Windows\System32\sechost.dll
0x00007ffbecea0000 - 0x00007ffbecfc3000 	C:\Windows\System32\RPCRT4.dll
0x00007ffbec5a0000 - 0x00007ffbec5c7000 	C:\Windows\System32\bcrypt.dll
0x00007ffbedd60000 - 0x00007ffbedeff000 	C:\Windows\System32\USER32.dll
0x00007ffbd39b0000 - 0x00007ffbd3c4a000 	C:\Windows\WinSxS\amd64_microsoft.windows.common-controls_6595b64144ccf1df_6.0.19041.4355_none_60b8b9eb71f62e16\COMCTL32.dll
0x00007ffbec5d0000 - 0x00007ffbec5f2000 	C:\Windows\System32\win32u.dll
0x00007ffbed110000 - 0x00007ffbed13b000 	C:\Windows\System32\GDI32.dll
0x00007ffbeca50000 - 0x00007ffbecb67000 	C:\Windows\System32\gdi32full.dll
0x00007ffbecd20000 - 0x00007ffbecdbd000 	C:\Windows\System32\msvcp_win.dll
0x00007ffbe7a80000 - 0x00007ffbe7a8a000 	C:\Windows\SYSTEM32\VERSION.dll
0x00007ffbecdf0000 - 0x00007ffbece1f000 	C:\Windows\System32\IMM32.DLL
0x00007ffbe6980000 - 0x00007ffbe698c000 	C:\Program Files\Java\jdk-22\bin\vcruntime140_1.dll
0x00007ffbbb210000 - 0x00007ffbbb29e000 	C:\Program Files\Java\jdk-22\bin\msvcp140.dll
0x00007ffb7ee00000 - 0x00007ffb7fb47000 	C:\Program Files\Java\jdk-22\bin\server\jvm.dll
0x00007ffbee980000 - 0x00007ffbee9eb000 	C:\Windows\System32\WS2_32.dll
0x00007ffbeb9b0000 - 0x00007ffbeb9fb000 	C:\Windows\SYSTEM32\POWRPROF.dll
0x00007ffbe5720000 - 0x00007ffbe5747000 	C:\Windows\SYSTEM32\WINMM.dll
0x00007ffbeb830000 - 0x00007ffbeb842000 	C:\Windows\SYSTEM32\UMPDC.dll
0x00007ffbeaca0000 - 0x00007ffbeacb2000 	C:\Windows\SYSTEM32\kernel.appcore.dll
0x00007ffbe6790000 - 0x00007ffbe679a000 	C:\Program Files\Java\jdk-22\bin\jimage.dll
0x00007ffbeaa40000 - 0x00007ffbeac24000 	C:\Windows\SYSTEM32\DBGHELP.DLL
0x00007ffbda330000 - 0x00007ffbda364000 	C:\Windows\SYSTEM32\dbgcore.DLL
0x00007ffbecb70000 - 0x00007ffbecbf2000 	C:\Windows\System32\bcryptPrimitives.dll
0x00007ffbc9a30000 - 0x00007ffbc9a4e000 	C:\Program Files\Java\jdk-22\bin\java.dll
0x00007ffbee010000 - 0x00007ffbee77c000 	C:\Windows\System32\SHELL32.dll
0x00007ffbecfd0000 - 0x00007ffbed0fb000 	C:\Windows\System32\ole32.dll
0x00007ffbed1d0000 - 0x00007ffbed523000 	C:\Windows\System32\combase.dll

dbghelp: loaded successfully - version: 4.0.5 - missing functions: none
symbol engine: initialized successfully - sym options: 0x614 - pdb path: .;C:\Program Files\Java\jdk-22\bin;C:\Windows\SYSTEM32;C:\Windows\WinSxS\amd64_microsoft.windows.common-controls_6595b64144ccf1df_6.0.19041.4355_none_60b8b9eb71f62e16;C:\Program Files\Java\jdk-22\bin\server

VM Arguments:
jvm_args: -Dclassworlds.conf=C:\Program Files\apache-maven-3.9.8\bin\m2.conf -Dmaven.home=C:\Program Files\apache-maven-3.9.8 -Dlibrary.jansi.path=C:\Program Files\apache-maven-3.9.8\lib\jansi-native -Dmaven.multiModuleProjectDirectory=c:\Users\FansteinM\Desktop\JavaGDP\demo3\demo3 
java_command: org.codehaus.plexus.classworlds.launcher.Launcher --version
java_class_path (initial): C:\Program Files\apache-maven-3.9.8\boot\plexus-classworlds-2.8.0.jar
Launcher Type: SUN_STANDARD

[Global flags]
     intx CICompilerCount                          = 4                                         {product} {ergonomic}
     uint ConcGCThreads                            = 2                                         {product} {ergonomic}
     uint G1ConcRefinementThreads                  = 8                                         {product} {ergonomic}
   size_t G1HeapRegionSize                         = 1048576                                   {product} {ergonomic}
   size_t InitialHeapSize                          = 134217728                                 {product} {ergonomic}
   size_t MarkStackSize                            = 4194304                                   {product} {ergonomic}
   size_t MaxHeapSize                              = 2124414976                                {product} {ergonomic}
   size_t MinHeapDeltaBytes                        = 1048576                                   {product} {ergonomic}
   size_t MinHeapSize                              = 8388608                                   {product} {ergonomic}
    uintx NonNMethodCodeHeapSize                   = 5839372                                {pd product} {ergonomic}
    uintx NonProfiledCodeHeapSize                  = 122909434                              {pd product} {ergonomic}
    uintx ProfiledCodeHeapSize                     = 122909434                              {pd product} {ergonomic}
    uintx ReservedCodeCacheSize                    = 251658240                              {pd product} {ergonomic}
     bool SegmentedCodeCache                       = true                                      {product} {ergonomic}
   size_t SoftMaxHeapSize                          = 2124414976                             {manageable} {ergonomic}
     bool UseCompressedOops                        = true                           {product lp64_product} {ergonomic}
     bool UseG1GC                                  = true                                      {product} {ergonomic}
     bool UseLargePagesIndividualAllocation        = false                                  {pd product} {ergonomic}

Logging:
Log output configuration:
 #0: stdout all=warning uptime,level,tags foldmultilines=false
 #1: stderr all=off uptime,level,tags foldmultilines=false

Environment Variables:
PATH=C:\Program Files\apache-maven-3.9.8\bin;C:\Windows\system32;C:\Windows;C:\Windows\System32\Wbem;C:\Windows\System32\WindowsPowerShell\v1.0\;C:\Windows\System32\OpenSSH\;C:\Program Files\dotnet\;C:\Program Files\Git\cmd;C:\ProgramData\ComposerSetup\bin;C:\Program Files\nodejs\;C:\Program Files\k6\;C:\Program Files\Java\jdk-22\bin;C:\Users\FansteinM\AppData\Local\Programs\Python\Python310\Scripts\;C:\Users\FansteinM\AppData\Local\Programs\Python\Python310\;C:\Users\FansteinM\AppData\Local\Microsoft\WindowsApps;C:\xampp\php;C:\Users\FansteinM\AppData\Local\Programs\Microsoft VS Code\bin;C:\Users\FansteinM\AppData\Roaming\Composer\vendor\bin;C:\Seleniumdriver;C:\Users\FansteinM\AppData\Roaming\npm;C:\Program Files\apache-maven-3.9.8\bin;
USERNAME=FansteinM
OS=Windows_NT
PROCESSOR_IDENTIFIER=Intel64 Family 6 Model 142 Stepping 10, GenuineIntel
TMP=C:\Users\FANSTE~1\AppData\Local\Temp
TEMP=C:\Users\FANSTE~1\AppData\Local\Temp




Periodic native trim disabled

---------------  S Y S T E M  ---------------

OS:
 Windows 10 , 64 bit Build 19041 (10.0.19041.4597)
OS uptime: 7 days 8:46 hours

CPU: total 8 (initial active 8) (4 cores per cpu, 2 threads per core) family 6 model 142 stepping 10 microcode 0xea, cx8, cmov, fxsr, ht, mmx, 3dnowpref, sse, sse2, sse3, ssse3, sse4.1, sse4.2, popcnt, lzcnt, tsc, tscinvbit, avx, avx2, aes, erms, clmul, bmi1, bmi2, adx, fma, vzeroupper, clflush, clflushopt, rdtscp, f16c
Processor Information for all 8 processors :
  Max Mhz: 1800, Current Mhz: 1600, Mhz Limit: 1584

Memory: 4k page, system-wide physical 8101M (338M free)
TotalPageFile size 23285M (AvailPageFile size 10M)
current process WorkingSet (physical memory assigned to process): 11M, peak: 11M
current process commit charge ("private bytes"): 52M, peak: 53M

vm_info: Java HotSpot(TM) 64-Bit Server VM (22.0.1+8-16) for windows-amd64 JRE (22.0.1+8-16), built on 2024-03-12T10:33:16Z by "mach5one" with MS VC++ 17.6 (VS2022)

END.
